<?xml version="1.0" encoding="UTF-8"?>
<testsuite xmlns:xsi="http://www.w3.org/2001/XMLSchema-instance" xsi:noNamespaceSchemaLocation="https://maven.apache.org/surefire/maven-surefire-plugin/xsd/surefire-test-report-3.0.xsd" version="3.0" name="ch.unil.doplab.grocerystorewebsite.v1.tests.FoodControllerTest" time="1.185" tests="7" errors="0" skipped="0" failures="0">
  <properties>
    <property name="java.specification.version" value="17"/>
    <property name="sun.jnu.encoding" value="UTF-8"/>
    <property name="java.class.path" value="/Users/admin/Desktop/GitHub/SOAR/2023/GroceryStoreWebsite-v1/target/test-classes:/Users/admin/Desktop/GitHub/SOAR/2023/GroceryStoreWebsite-v1/target/classes:/Users/admin/.m2/repository/org/testng/testng/7.8.0/testng-7.8.0.jar:/Users/admin/.m2/repository/org/slf4j/slf4j-api/1.7.36/slf4j-api-1.7.36.jar:/Users/admin/.m2/repository/com/beust/jcommander/1.82/jcommander-1.82.jar:/Users/admin/.m2/repository/org/webjars/jquery/3.6.1/jquery-3.6.1.jar:"/>
    <property name="java.vm.vendor" value="Oracle Corporation"/>
    <property name="sun.arch.data.model" value="64"/>
    <property name="java.vendor.url" value="https://java.oracle.com/"/>
    <property name="user.timezone" value="Europe/Zurich"/>
    <property name="os.name" value="Mac OS X"/>
    <property name="java.vm.specification.version" value="17"/>
    <property name="sun.java.launcher" value="SUN_STANDARD"/>
    <property name="user.country" value="GB"/>
    <property name="sun.boot.library.path" value="/Library/Java/JavaVirtualMachines/jdk-17.jdk/Contents/Home/lib"/>
    <property name="sun.java.command" value="/Users/admin/Desktop/GitHub/SOAR/2023/GroceryStoreWebsite-v1/target/surefire/surefirebooter-20231016104932411_3.jar /Users/admin/Desktop/GitHub/SOAR/2023/GroceryStoreWebsite-v1/target/surefire 2023-10-16T10-49-32_299-jvmRun1 surefire-20231016104932411_1tmp surefire_0-20231016104932411_2tmp"/>
    <property name="jdk.debug" value="release"/>
    <property name="surefire.test.class.path" value="/Users/admin/Desktop/GitHub/SOAR/2023/GroceryStoreWebsite-v1/target/test-classes:/Users/admin/Desktop/GitHub/SOAR/2023/GroceryStoreWebsite-v1/target/classes:/Users/admin/.m2/repository/org/testng/testng/7.8.0/testng-7.8.0.jar:/Users/admin/.m2/repository/org/slf4j/slf4j-api/1.7.36/slf4j-api-1.7.36.jar:/Users/admin/.m2/repository/com/beust/jcommander/1.82/jcommander-1.82.jar:/Users/admin/.m2/repository/org/webjars/jquery/3.6.1/jquery-3.6.1.jar:"/>
    <property name="sun.cpu.endian" value="little"/>
    <property name="user.home" value="/Users/admin"/>
    <property name="user.language" value="en"/>
    <property name="java.specification.vendor" value="Oracle Corporation"/>
    <property name="java.version.date" value="2023-01-17"/>
    <property name="java.home" value="/Library/Java/JavaVirtualMachines/jdk-17.jdk/Contents/Home"/>
    <property name="file.separator" value="/"/>
    <property name="basedir" value="/Users/admin/Desktop/GitHub/SOAR/2023/GroceryStoreWebsite-v1"/>
    <property name="java.vm.compressedOopsMode" value="Zero based"/>
    <property name="line.separator" value="&#10;"/>
    <property name="java.vm.specification.vendor" value="Oracle Corporation"/>
    <property name="java.specification.name" value="Java Platform API Specification"/>
    <property name="surefire.real.class.path" value="/Users/admin/Desktop/GitHub/SOAR/2023/GroceryStoreWebsite-v1/target/surefire/surefirebooter-20231016104932411_3.jar"/>
    <property name="sun.management.compiler" value="HotSpot 64-Bit Tiered Compilers"/>
    <property name="java.runtime.version" value="17.0.6+9-LTS-190"/>
    <property name="user.name" value="admin"/>
    <property name="path.separator" value=":"/>
    <property name="os.version" value="13.4.1"/>
    <property name="java.runtime.name" value="Java(TM) SE Runtime Environment"/>
    <property name="file.encoding" value="UTF-8"/>
    <property name="java.vm.name" value="Java HotSpot(TM) 64-Bit Server VM"/>
    <property name="maven.ext.class.path" value="/Applications/Apache NetBeans.app/Contents/Resources/netbeans/java/maven-nblib/netbeans-eventspy.jar"/>
    <property name="localRepository" value="/Users/admin/.m2/repository"/>
    <property name="java.vendor.url.bug" value="https://bugreport.java.com/bugreport/"/>
    <property name="java.io.tmpdir" value="/var/folders/1_/727t127922d0_lfvpjqbv22m0000gn/T/"/>
    <property name="java.version" value="17.0.6"/>
    <property name="user.dir" value="/Users/admin/Desktop/GitHub/SOAR/2023/GroceryStoreWebsite-v1"/>
    <property name="os.arch" value="x86_64"/>
    <property name="java.vm.specification.name" value="Java Virtual Machine Specification"/>
    <property name="native.encoding" value="UTF-8"/>
    <property name="java.library.path" value="/Users/admin/Library/Java/Extensions:/Library/Java/Extensions:/Network/Library/Java/Extensions:/System/Library/Java/Extensions:/usr/lib/java:."/>
    <property name="java.vm.info" value="mixed mode, sharing"/>
    <property name="java.vendor" value="Oracle Corporation"/>
    <property name="java.vm.version" value="17.0.6+9-LTS-190"/>
    <property name="sun.io.unicode.encoding" value="UnicodeBig"/>
    <property name="java.class.version" value="61.0"/>
  </properties>
  <testcase name="testAddFoodToShoppingCart" classname="ch.unil.doplab.grocerystorewebsite.v1.tests.FoodControllerTest" time="0.007">
    <system-out><![CDATA[FoodControllerTest constructor
@BeforeClass setUpClass
@BeforeMethod setUp
@Test testAddFoodToShoppingCart
]]></system-out>
    <system-err><![CDATA[SLF4J: Failed to load class "org.slf4j.impl.StaticLoggerBinder".
SLF4J: Defaulting to no-operation (NOP) logger implementation
SLF4J: See http://www.slf4j.org/codes.html#StaticLoggerBinder for further details.
]]></system-err>
  </testcase>
  <testcase name="testArithmeticException" classname="ch.unil.doplab.grocerystorewebsite.v1.tests.FoodControllerTest" time="0.0">
    <system-out><![CDATA[@AfterMethod tearDown
@BeforeMethod setUp
@Test testArithmeticException
]]></system-out>
  </testcase>
  <testcase name="testClassCastException" classname="ch.unil.doplab.grocerystorewebsite.v1.tests.FoodControllerTest" time="0.0">
    <system-out><![CDATA[@AfterMethod tearDown
@BeforeMethod setUp
@Test testClassCastException
]]></system-out>
  </testcase>
  <testcase name="testIndexOutOfBoundsException" classname="ch.unil.doplab.grocerystorewebsite.v1.tests.FoodControllerTest" time="0.001">
    <system-out><![CDATA[@AfterMethod tearDown
@BeforeMethod setUp
@Test testIndexOutOfBoundsException
]]></system-out>
  </testcase>
  <testcase name="testNumberFormatException" classname="ch.unil.doplab.grocerystorewebsite.v1.tests.FoodControllerTest" time="0.0">
    <system-out><![CDATA[@AfterMethod tearDown
@BeforeMethod setUp
@Test testNumberFormatException
]]></system-out>
  </testcase>
  <testcase name="testRemoveFoodFromShoppingCart" classname="ch.unil.doplab.grocerystorewebsite.v1.tests.FoodControllerTest" time="0.004">
    <system-out><![CDATA[@AfterMethod tearDown
@BeforeMethod setUp
@Test testRemoveFoodFromShoppingCart
]]></system-out>
  </testcase>
  <testcase name="testTimeOut" classname="ch.unil.doplab.grocerystorewebsite.v1.tests.FoodControllerTest" time="0.508">
    <system-out><![CDATA[@AfterMethod tearDown
@BeforeMethod setUp
@Test testTimeOut
]]></system-out>
  </testcase>
</testsuite>