<?xml version="1.0" encoding="UTF-8"?>
<!-- Generated by org.testng.reporters.JUnitReportReporter -->
<testsuite hostname="wl2s-164-43.unil.ch" failures="0" tests="7" name="ch.unil.doplab.grocerystorewebsite.v1.tests.FoodControllerTest" time="0.530" errors="0" timestamp="2023-10-16T10:49:33 CEST" skipped="0">
  <testcase classname="ch.unil.doplab.grocerystorewebsite.v1.tests.FoodControllerTest" name="testClassCastException" time="0.002"/>
  <testcase classname="ch.unil.doplab.grocerystorewebsite.v1.tests.FoodControllerTest" name="testRemoveFoodFromShoppingCart" time="0.006"/>
  <testcase classname="ch.unil.doplab.grocerystorewebsite.v1.tests.FoodControllerTest" name="testNumberFormatException" time="0.003"/>
  <testcase classname="ch.unil.doplab.grocerystorewebsite.v1.tests.FoodControllerTest" name="testAddFoodToShoppingCart" time="0.007"/>
  <testcase classname="ch.unil.doplab.grocerystorewebsite.v1.tests.FoodControllerTest" name="testIndexOutOfBoundsException" time="0.001"/>
  <testcase classname="ch.unil.doplab.grocerystorewebsite.v1.tests.FoodControllerTest" name="testArithmeticException" time="0.002"/>
  <testcase classname="ch.unil.doplab.grocerystorewebsite.v1.tests.FoodControllerTest" name="testTimeOut" time="0.509"/>
</testsuite> <!-- ch.unil.doplab.grocerystorewebsite.v1.tests.FoodControllerTest -->
